Arguments: 
  /Users/nikoladimovski/.nvm/versions/node/v18.20.5/bin/node /usr/local/bin/yarn add lightweight-charts

PATH: 
  /Users/nikoladimovski/.nvm/versions/node/v18.20.5/bin:/opt/homebrew/bin:/opt/homebrew/sbin:/usr/local/bin:/System/Cryptexes/App/usr/bin:/usr/bin:/bin:/usr/sbin:/sbin

Yarn version: 
  1.22.19

Node version: 
  18.20.5

Platform: 
  darwin arm64

Trace: 
  Error: getaddrinfo ENOTFOUND registry.yarnpkg.com
      at GetAddrInfoReqWrap.onlookup [as oncomplete] (node:dns:107:26)

npm manifest: 
  {
    "name": "trading-terminal",
    "version": "0.1.0",
    "private": true,
    "scripts": {
      "dev": "next dev",
      "build": "next build",
      "start": "next start",
      "lint": "next lint"
    },
    "dependencies": {
      "react": "^19.0.0",
      "react-dom": "^19.0.0",
      "next": "15.1.0"
    },
    "devDependencies": {
      "typescript": "^5",
      "@types/node": "^20",
      "@types/react": "^19",
      "@types/react-dom": "^19",
      "postcss": "^8",
      "tailwindcss": "^3.4.1",
      "eslint": "^9",
      "eslint-config-next": "15.1.0",
      "@eslint/eslintrc": "^3"
    }
  }

yarn manifest: 
  No manifest

Lockfile: 
  No lockfile
